# JRE version: OpenJDK Runtime Environment Temurin-22.0.2+9 (22.0.2+9) (build 22.0.2+9)
# Java VM: OpenJDK 64-Bit Server VM Temurin-22.0.2+9 (22.0.2+9, mixed mode, emulated-client, tiered, compressed oops, compressed class ptrs, g1 gc, windows-amd64)
GC Precious Log:
 CardTable entry size: 512
 Card Set container configuration: InlinePtr #cards 5 size 8 Array Of Cards #cards 12 size 40 Howl #buckets 4 coarsen threshold 1843 Howl Bitmap #cards 512 size 80 coarsen threshold 460 Card regions per heap region 1 cards per card region 2048
 CPUs: 8 total, 8 available
 Memory: 7785M
 Large Page Support: Disabled
 NUMA Support: Disabled
 Compressed Oops: Enabled (32-bit)
 Heap Region Size: 1M
 Heap Min Capacity: 8M
 Heap Initial Capacity: 122M
 Heap Max Capacity: 1948M
 Pre-touch: Disabled
 Parallel Workers: 8
 Concurrent Workers: 2
 Concurrent Refinement Workers: 8
 Periodic GC: Disabled
Heap:
 garbage-first heap   total reserved 1994752K, committed 92160K, used 51374K [0x0000000086400000, 0x0000000100000000)
  region size 1024K, 24 young (24576K), 4 survivors (4096K)
 Metaspace       used 87856K, committed 89152K, reserved 1179648K
  class space    used 11877K, committed 12416K, reserved 1048576K
GC Heap History (20 events):
Event: 22365.289 GC heap before
{Heap before GC invocations=558 (full 140):
 garbage-first heap   total reserved 1994752K, committed 92160K, used 77428K [0x0000000086400000, 0x0000000100000000)
  region size 1024K, 48 young (49152K), 0 survivors (0K)
 Metaspace       used 87141K, committed 89152K, reserved 1179648K
  class space    used 11818K, committed 12416K, reserved 1048576K
}
Event: 22365.293 GC heap after
{Heap after GC invocations=559 (full 140):
 garbage-first heap   total reserved 1994752K, committed 92160K, used 32175K [0x0000000086400000, 0x0000000100000000)
  region size 1024K, 4 young (4096K), 4 survivors (4096K)
 Metaspace       used 87141K, committed 89152K, reserved 1179648K
  class space    used 11818K, committed 12416K, reserved 1048576K
}
Event: 22419.293 GC heap before
{Heap before GC invocations=560 (full 140):
 garbage-first heap   total reserved 1994752K, committed 92160K, used 78255K [0x0000000086400000, 0x0000000100000000)
  region size 1024K, 49 young (50176K), 4 survivors (4096K)
 Metaspace       used 87454K, committed 89152K, reserved 1179648K
  class space    used 11840K, committed 12416K, reserved 1048576K
}
Event: 22419.307 GC heap after
{Heap after GC invocations=561 (full 140):
 garbage-first heap   total reserved 1994752K, committed 92160K, used 33927K [0x0000000086400000, 0x0000000100000000)
  region size 1024K, 3 young (3072K), 3 survivors (3072K)
 Metaspace       used 87454K, committed 89152K, reserved 1179648K
  class space    used 11840K, committed 12416K, reserved 1048576K
}
Event: 22453.339 GC heap before
{Heap before GC invocations=561 (full 140):
 garbage-first heap   total reserved 1994752K, committed 92160K, used 46215K [0x0000000086400000, 0x0000000100000000)
  region size 1024K, 16 young (16384K), 3 survivors (3072K)
 Metaspace       used 87457K, committed 89152K, reserved 1179648K
  class space    used 11840K, committed 12416K, reserved 1048576K
}
Event: 22453.434 GC heap after
{Heap after GC invocations=562 (full 141):
 garbage-first heap   total reserved 1994752K, committed 92160K, used 27926K [0x0000000086400000, 0x0000000100000000)
  region size 1024K, 0 young (0K), 0 survivors (0K)
 Metaspace       used 87363K, committed 89152K, reserved 1179648K
  class space    used 11815K, committed 12416K, reserved 1048576K
}
Event: 22454.494 GC heap before
{Heap before GC invocations=562 (full 141):
 garbage-first heap   total reserved 1994752K, committed 92160K, used 78102K [0x0000000086400000, 0x0000000100000000)
  region size 1024K, 50 young (51200K), 0 survivors (0K)
 Metaspace       used 87557K, committed 89152K, reserved 1179648K
  class space    used 11836K, committed 12416K, reserved 1048576K
}
Event: 22454.498 GC heap after
{Heap after GC invocations=563 (full 141):
 garbage-first heap   total reserved 1994752K, committed 92160K, used 32581K [0x0000000086400000, 0x0000000100000000)
  region size 1024K, 5 young (5120K), 5 survivors (5120K)
 Metaspace       used 87557K, committed 89152K, reserved 1179648K
  class space    used 11836K, committed 12416K, reserved 1048576K
}
Event: 22516.136 GC heap before
{Heap before GC invocations=563 (full 141):
 garbage-first heap   total reserved 1994752K, committed 92160K, used 79685K [0x0000000086400000, 0x0000000100000000)
  region size 1024K, 51 young (52224K), 5 survivors (5120K)
 Metaspace       used 87825K, committed 89152K, reserved 1179648K
  class space    used 11853K, committed 12416K, reserved 1048576K
}
Event: 22516.144 GC heap after
{Heap after GC invocations=564 (full 141):
 garbage-first heap   total reserved 1994752K, committed 92160K, used 33596K [0x0000000086400000, 0x0000000100000000)
  region size 1024K, 3 young (3072K), 3 survivors (3072K)
 Metaspace       used 87825K, committed 89152K, reserved 1179648K
  class space    used 11853K, committed 12416K, reserved 1048576K
}
Event: 22544.799 GC heap before
{Heap before GC invocations=564 (full 141):
 garbage-first heap   total reserved 1994752K, committed 92160K, used 43836K [0x0000000086400000, 0x0000000100000000)
  region size 1024K, 14 young (14336K), 3 survivors (3072K)
 Metaspace       used 87827K, committed 89152K, reserved 1179648K
  class space    used 11854K, committed 12416K, reserved 1048576K
}
Event: 22544.875 GC heap after
{Heap after GC invocations=565 (full 142):
 garbage-first heap   total reserved 1994752K, committed 92160K, used 25030K [0x0000000086400000, 0x0000000100000000)
  region size 1024K, 0 young (0K), 0 survivors (0K)
 Metaspace       used 87311K, committed 89152K, reserved 1179648K
  class space    used 11805K, committed 12416K, reserved 1048576K
}
Event: 22546.330 GC heap before
{Heap before GC invocations=565 (full 142):
 garbage-first heap   total reserved 1994752K, committed 92160K, used 77254K [0x0000000086400000, 0x0000000100000000)
  region size 1024K, 52 young (53248K), 0 survivors (0K)
 Metaspace       used 87596K, committed 89152K, reserved 1179648K
  class space    used 11857K, committed 12416K, reserved 1048576K
}
Event: 22546.338 GC heap after
{Heap after GC invocations=566 (full 142):
 garbage-first heap   total reserved 1994752K, committed 92160K, used 30281K [0x0000000086400000, 0x0000000100000000)
  region size 1024K, 6 young (6144K), 6 survivors (6144K)
 Metaspace       used 87596K, committed 89152K, reserved 1179648K
  class space    used 11857K, committed 12416K, reserved 1048576K
}
Event: 22591.691 GC heap before
{Heap before GC invocations=566 (full 142):
 garbage-first heap   total reserved 1994752K, committed 92160K, used 77385K [0x0000000086400000, 0x0000000100000000)
  region size 1024K, 52 young (53248K), 6 survivors (6144K)
 Metaspace       used 87964K, committed 89152K, reserved 1179648K
  class space    used 11892K, committed 12416K, reserved 1048576K
}
Event: 22591.718 GC heap after
{Heap after GC invocations=567 (full 142):
 garbage-first heap   total reserved 1994752K, committed 92160K, used 33716K [0x0000000086400000, 0x0000000100000000)
  region size 1024K, 5 young (5120K), 5 survivors (5120K)
 Metaspace       used 87964K, committed 89152K, reserved 1179648K
  class space    used 11892K, committed 12416K, reserved 1048576K
}
Event: 22591.803 GC heap before
{Heap before GC invocations=567 (full 142):
 garbage-first heap   total reserved 1994752K, committed 92160K, used 33716K [0x0000000086400000, 0x0000000100000000)
  region size 1024K, 6 young (6144K), 5 survivors (5120K)
 Metaspace       used 87966K, committed 89152K, reserved 1179648K
  class space    used 11893K, committed 12416K, reserved 1048576K
}
Event: 22591.891 GC heap after
{Heap after GC invocations=568 (full 143):
 garbage-first heap   total reserved 1994752K, committed 92160K, used 27995K [0x0000000086400000, 0x0000000100000000)
  region size 1024K, 0 young (0K), 0 survivors (0K)
 Metaspace       used 87443K, committed 89152K, reserved 1179648K
  class space    used 11842K, committed 12416K, reserved 1048576K
}
Event: 22593.127 GC heap before
{Heap before GC invocations=568 (full 143):
 garbage-first heap   total reserved 1994752K, committed 92160K, used 78171K [0x0000000086400000, 0x0000000100000000)
  region size 1024K, 49 young (50176K), 0 survivors (0K)
 Metaspace       used 87603K, committed 89152K, reserved 1179648K
  class space    used 11860K, committed 12416K, reserved 1048576K
}
Event: 22593.131 GC heap after
{Heap after GC invocations=569 (full 143):
 garbage-first heap   total reserved 1994752K, committed 92160K, used 31918K [0x0000000086400000, 0x0000000100000000)
  region size 1024K, 4 young (4096K), 4 survivors (4096K)
 Metaspace       used 87603K, committed 89152K, reserved 1179648K
  class space    used 11860K, committed 12416K, reserved 1048576K
}

